Not Found: /media/shop/images/3.jpeg
Not Found: /assets/images/product_1.png
Not Found: /assets/images/product_2.png
Not Found: /assets/images/product_3.png
Not Found: /media/home/banner/banner_img_6.png
Not Found: /media/home/video/Video_230113180406.mp4
Not Found: /static/fonts/IRANSansWeb.eot
Not Found: /media/home/images/hero_bg_2.jpg
Not Found: /static/fonts/IRANSansWeb.eot
Not Found: /media/shop/images/3.jpeg
Not Found: /media/home/video/Video_230113180406.mp4
Not Found: /assets/images/product_1.png
Not Found: /assets/images/product_2.png
Not Found: /assets/images/product_3.png
Not Found: /media/home/banner/banner_img_6.png
Not Found: /media/home/images/hero_bg_2.jpg
Not Found: /static/fonts/IRANSansWeb.eot
Not Found: /shop/assets/images/product_2.png
Not Found: /shop/assets/images/product_1.png
Not Found: /shop/assets/images/product_3.png
Not Found: /media/shop/images/3.jpeg
Not Found: /static/images/breadcamp_bg_2.jpeg
Not Found: /media/shop/images/3.jpeg
Not Found: /media/home/video/Video_230113180406.mp4
Not Found: /assets/images/product_1.png
Not Found: /assets/images/product_2.png
Not Found: /assets/images/product_3.png
Not Found: /media/home/banner/banner_img_6.png
Not Found: /media/home/images/hero_bg_2.jpg
Not Found: /media/shop/images/3.jpeg
Not Found: /shop/assets/images/product_1.png
Not Found: /shop/assets/images/product_2.png
Not Found: /static/images/breadcamp_bg_2.jpeg
Not Found: /shop/assets/images/product_3.png
Not Found: /favicon.ico
Not Found: /favicon.ico
Not Found: /wiki
Not Found: /favicon.ico
Not Found: /favicon.ico
Not Found: /login
Not Found: /media/shop/images/3.jpeg
Not Found: /assets/images/product_1.png
Not Found: /assets/images/product_2.png
Not Found: /assets/images/product_3.png
Not Found: /media/home/banner/banner_img_6.png
Not Found: /media/home/video/Video_230113180406.mp4
Not Found: /media/home/images/hero_bg_2.jpg
Not Found: /media/home/video/Video_230113180406.mp4
Not Found: /favicon.ico
Not Found: /favicon.ico
Not Found: /favicon.ico
Not Found: /static/fonts/IRANSansWeb.eot
Not Found: /media/shop/images/3.jpeg
Not Found: /media/home/video/Video_230113180406.mp4
Not Found: /media/home/banner/banner_img_6.png
Not Found: /assets/images/product_3.png
Not Found: /assets/images/product_2.png
Not Found: /assets/images/product_1.png
Not Found: /media/home/images/hero_bg_2.jpg
Not Found: /static/fonts/IRANSansWeb.eot
Not Found: /media/shop/images/3.jpeg
Not Found: /assets/images/product_1.png
Not Found: /assets/images/product_3.png
Not Found: /assets/images/product_2.png
Not Found: /media/shop/images/3.jpeg
Not Found: /assets/images/product_1.png
Not Found: /assets/images/product_2.png
Not Found: /assets/images/product_3.png
Not Found: /static/fonts/IRANSansWeb.eot
Internal Server Error: /account/wishlist
Traceback (most recent call last):
  File "/home/lilichka/virtualenv/beautipro/3.9/lib/python3.9/site-packages/django/core/handlers/exception.py", line 55, in inner
    response = get_response(request)
  File "/home/lilichka/virtualenv/beautipro/3.9/lib/python3.9/site-packages/django/core/handlers/base.py", line 197, in _get_response
    response = wrapped_callback(request, *callback_args, **callback_kwargs)
  File "/home/lilichka/virtualenv/beautipro/3.9/lib/python3.9/site-packages/django/views/generic/base.py", line 105, in view
    return self.dispatch(request, *args, **kwargs)
  File "/home/lilichka/virtualenv/beautipro/3.9/lib/python3.9/site-packages/django/views/generic/base.py", line 144, in dispatch
    return handler(request, *args, **kwargs)
  File "/home/lilichka/beautipro/account/views.py", line 124, in get
    wishes = request.user.user_favorite.all()
  File "/home/lilichka/virtualenv/beautipro/3.9/lib/python3.9/site-packages/django/utils/functional.py", line 268, in inner
    return func(_wrapped, *args)
AttributeError: 'AnonymousUser' object has no attribute 'user_favorite'
Not Found: /media/shop/images/3.jpeg
Not Found: /assets/images/product_3.png
Not Found: /assets/images/product_2.png
Not Found: /assets/images/product_1.png
Not Found: /static/fonts/IRANSansWeb.eot
Not Found: /account/assets/images/product_2.png
Not Found: /media/shop/images/3.jpeg
Not Found: /static/fonts/IRANSansWeb.eot
Not Found: /account/assets/images/product_1.png
Not Found: /static/images/login_banner.jpg
Not Found: /account/assets/images/product_3.png
Not Found: /static/fonts/IRANSansWeb.eot
Not Found: /media/shop/images/3.jpeg
Not Found: /media/home/video/Video_230113180406.mp4
Not Found: /media/home/banner/banner_img_6.png
Not Found: /assets/images/product_1.png
Not Found: /assets/images/product_3.png
Not Found: /assets/images/product_2.png
Not Found: /media/home/images/hero_bg_2.jpg
Not Found: /static/fonts/IRANSansWeb.eot
Not Found: /contactus/assets/images/product_1.png
Not Found: /contactus/assets/images/product_2.png
Not Found: /media/shop/images/3.jpeg
Not Found: /contactus/assets/images/product_3.png
Not Found: /static/fonts/IRANSansWeb.eot
Not Found: /media/shop/images/3.jpeg
Not Found: /about_us/assets/images/product_3.png
Not Found: /about_us/assets/images/product_2.png
Not Found: /about_us/assets/images/product_1.png
Not Found: /static/fonts/IRANSansWeb.eot
Not Found: /media/shop/images/3.jpeg
Not Found: /about_us/assets/images/product_1.png
Not Found: /about_us/assets/images/product_3.png
Not Found: /about_us/assets/images/product_2.png
Not Found: /static/fonts/IRANSansWeb.eot
Not Found: /media/shop/images/3.jpeg
Not Found: /blog/assets/images/product_2.png
Not Found: /blog/assets/images/product_3.png
Not Found: /blog/assets/images/product_1.png
Not Found: /static/fonts/IRANSansWeb.eot
Not Found: /media/shop/images/3.jpeg
Not Found: /shop/assets/images/product_1.png
Not Found: /shop/assets/images/product_3.png
Not Found: /shop/assets/images/product_2.png
Not Found: /static/images/breadcamp_bg_2.jpeg
Not Found: /static/fonts/IRANSansWeb.eot
Not Found: /media/shop/images/3.jpeg
Not Found: /assets/images/product_2.png
Not Found: /media/home/video/Video_230113180406.mp4
Not Found: /media/home/banner/banner_img_6.png
Not Found: /assets/images/product_3.png
Not Found: /assets/images/product_1.png
Not Found: /media/home/images/hero_bg_2.jpg
Not Found: /static/fonts/IRANSansWeb.eot
Not Found: /media/shop/images/3.jpeg
Not Found: /static/images/breadcamp_bg_2.jpeg
Not Found: /shop/assets/images/product_3.png
Not Found: /shop/assets/images/product_2.png
Not Found: /shop/assets/images/product_1.png
Not Found: /static/fonts/IRANSansWeb.eot
Not Found: /media/shop/images/3.jpeg
Not Found: /assets/images/product_1.png
Not Found: /media/home/video/Video_230113180406.mp4
Not Found: /assets/images/product_2.png
Not Found: /media/home/banner/banner_img_6.png
Not Found: /assets/images/product_3.png
Not Found: /media/home/images/hero_bg_2.jpg
Not Found: /media/shop/images/3.jpeg
Not Found: /assets/images/product_1.png
Not Found: /assets/images/product_3.png
Not Found: /assets/images/product_2.png
Not Found: /media/home/banner/banner_img_6.png
Not Found: /media/home/video/Video_230113180406.mp4
Not Found: /media/home/video/Video_230113180406.mp4
Not Found: /media/home/images/hero_bg_2.jpg
Not Found: /static/fonts/IRANSansWeb.eot
Not Found: /assets/images/product_1.png
Not Found: /assets/images/product_2.png
Not Found: /assets/images/product_3.png
Not Found: /media/home/video/Video_230113180406.mp4
Not Found: /static/fonts/IRANSansWeb.eot
Not Found: /account/assets/images/product_3.png
Not Found: /account/assets/images/product_1.png
Not Found: /account/assets/images/product_2.png
Not Found: /static/images/login_banner.jpg
Not Found: /favicon.ico
Not Found: /static/fonts/IRANSansWeb.eot
Not Found: /account/assets/images/product_1.png
Not Found: /account/assets/images/product_2.png
Not Found: /account/assets/images/product_3.png
Not Found: /static/fonts/IRANSansWeb.eot
Not Found: /assets/images/product_1.png
Not Found: /media/home/video/Video_230113180406.mp4
Not Found: /assets/images/product_2.png
Not Found: /assets/images/product_3.png
Not Found: /static/fonts/IRANSansWeb.eot
Not Found: /account/assets/images/product_2.png
Not Found: /account/assets/images/product_1.png
Not Found: /static/images/login_banner.jpg
Not Found: /account/assets/images/product_3.png
Not Found: /shop/assets/images/product_1.png
Not Found: /shop/assets/images/product_3.png
Not Found: /shop/assets/images/product_2.png
Not Found: /static/images/breadcamp_bg_2.jpeg
Not Found: /assets/images/product_2.png
Not Found: /assets/images/product_1.png
Not Found: /media/home/video/Video_230113180406.mp4
Not Found: /assets/images/product_3.png
Not Found: /assets/images/product_1.png
Not Found: /assets/images/product_2.png
Not Found: /assets/images/product_3.png
Not Found: /media/home/video/Video_230113180406.mp4
Not Found: /shop/assets/images/product_2.png
Not Found: /shop/assets/images/product_3.png
Not Found: /shop/assets/images/product_1.png
Not Found: /static/images/breadcamp_bg_2.jpeg
Not Found: /static/fonts/IRANSansWeb.eot
Not Found: /assets/images/product_1.png
Not Found: /assets/images/product_2.png
Not Found: /assets/images/product_3.png
Not Found: /media/home/video/Video_230113180406.mp4
Not Found: /static/fonts/IRANSansWeb.eot
Not Found: /assets/images/product_1.png
Not Found: /media/home/video/Video_230113180406.mp4
Not Found: /assets/images/product_3.png
Not Found: /assets/images/product_2.png
Not Found: /static/fonts/IRANSansWeb.eot
Not Found: /assets/images/product_1.png
Not Found: /assets/images/product_2.png
Not Found: /media/home/video/Video_230113180406.mp4
Not Found: /assets/images/product_3.png
Not Found: /static/fonts/IRANSansWeb.eot
Not Found: /assets/images/product_1.png
Not Found: /assets/images/product_3.png
Not Found: /media/home/video/Video_230113180406.mp4
Not Found: /assets/images/product_2.png
Not Found: /static/fonts/IRANSansWeb.eot
Not Found: /media/home/video/Video_230113180406.mp4
Not Found: /assets/images/product_3.png
Not Found: /assets/images/product_2.png
Not Found: /assets/images/product_1.png
Not Found: /static/fonts/IRANSansWeb.eot
Not Found: /assets/images/product_1.png
Not Found: /assets/images/product_2.png
Not Found: /media/home/video/Video_230113180406.mp4
Not Found: /assets/images/product_3.png
Not Found: /static/fonts/IRANSansWeb.eot
Not Found: /media/home/video/Video_230113180406.mp4
Not Found: /assets/images/product_1.png
Not Found: /assets/images/product_2.png
Not Found: /assets/images/product_3.png
Not Found: /static/fonts/IRANSansWeb.eot
Not Found: /assets/images/product_3.png
Not Found: /media/home/video/Video_230113180406.mp4
Not Found: /assets/images/product_2.png
Not Found: /assets/images/product_1.png
Not Found: /static/fonts/IRANSansWeb.eot
Not Found: /assets/images/product_1.png
Not Found: /assets/images/product_3.png
Not Found: /assets/images/product_2.png
Not Found: /media/home/video/Video_230113180406.mp4
Not Found: /static/fonts/IRANSansWeb.eot
Not Found: /assets/images/product_1.png
Not Found: /assets/images/product_3.png
Not Found: /assets/images/product_2.png
Not Found: /media/home/video/Video_230113180406.mp4
Not Found: /static/fonts/IRANSansWeb.eot
Not Found: /media/home/video/Video_230113180406.mp4
Not Found: /assets/images/product_2.png
Not Found: /assets/images/product_1.png
Not Found: /assets/images/product_3.png
Not Found: /static/fonts/IRANSansWeb.eot
Not Found: /assets/images/product_1.png
Not Found: /media/home/video/Video_230113180406.mp4
Not Found: /assets/images/product_3.png
Not Found: /assets/images/product_2.png
Not Found: /shop/assets/images/product_1.png
Not Found: /shop/assets/images/product_3.png
Not Found: /shop/assets/images/product_2.png
Not Found: /static/images/breadcamp_bg_2.jpeg
Not Found: /assets/images/product_1.png
Not Found: /assets/images/product_3.png
Not Found: /assets/images/product_2.png
Not Found: /media/home/video/Video_230113180406.mp4
Not Found: /assets/images/product_1.png
Not Found: /assets/images/product_2.png
Not Found: /assets/images/product_3.png
Not Found: /media/home/video/Video_230113180406.mp4
Not Found: /media/home/video/Video_230113180406.mp4
Not Found: /shop/detail/assets/images/product_3.png
Not Found: /shop/detail/assets/images/product_1.png
Not Found: /shop/detail/assets/images/product_2.png
Internal Server Error: /cart/add/extention
Traceback (most recent call last):
  File "/home/lilichka/virtualenv/beautipro/3.9/lib/python3.9/site-packages/django/core/handlers/exception.py", line 55, in inner
    response = get_response(request)
  File "/home/lilichka/virtualenv/beautipro/3.9/lib/python3.9/site-packages/django/core/handlers/base.py", line 197, in _get_response
    response = wrapped_callback(request, *callback_args, **callback_kwargs)
  File "/home/lilichka/virtualenv/beautipro/3.9/lib/python3.9/site-packages/django/views/generic/base.py", line 105, in view
    return self.dispatch(request, *args, **kwargs)
  File "/home/lilichka/virtualenv/beautipro/3.9/lib/python3.9/site-packages/django/views/generic/base.py", line 144, in dispatch
    return handler(request, *args, **kwargs)
  File "/home/lilichka/beautipro/cart/views.py", line 34, in post
    if int(quantity) > 0:
ValueError: invalid literal for int() with base 10: ''
Not Found: /favicon.ico
Not Found: /static/fonts/IRANSansWeb.eot
Not Found: /static/images/logo-header.png
Not Found: /assets/images/product_1.png
Not Found: /assets/images/product_2.png
Not Found: /assets/images/product_3.png
Not Found: /media/home/video/Video_230113180406.mp4
Not Found: /static/fonts/IRANSansWeb.eot
Not Found: /assets/images/product_2.png
Not Found: /assets/images/product_3.png
Not Found: /assets/images/product_1.png
Not Found: /media/home/video/Video_230113180406.mp4
Not Found: /static/fonts/IRANSansWeb.eot
Not Found: /assets/images/product_3.png
Not Found: /assets/images/product_1.png
Not Found: /assets/images/product_2.png
Not Found: /media/home/video/Video_230113180406.mp4
Not Found: /static/images/logo-header.png
Not Found: /assets/images/product_1.png
Not Found: /media/home/video/Video_230113180406.mp4
Not Found: /assets/images/product_2.png
Not Found: /assets/images/product_3.png
_____
Not Found: /static/fonts/IRANSansWeb.eot
Not Found: /static/fonts/IRANSansWeb.eot
Not Found: /static/images/logo-header.png
Not Found: /shop/assets/images/product_2.png
Not Found: /shop/assets/images/product_1.png
Not Found: /shop/assets/images/product_3.png
Not Found: /static/images/breadcamp_bg_2.jpeg
Not Found: /static/images/logo-header.png
Not Found: /static/fonts/IRANSansWeb.eot
Not Found: /shop/detail/assets/images/product_1.png
Not Found: /shop/detail/assets/images/product_2.png
Not Found: /shop/detail/assets/images/product_3.png
Internal Server Error: /cart/add/extention
Traceback (most recent call last):
  File "/home/lilichka/virtualenv/beautipro/3.9/lib/python3.9/site-packages/django/core/handlers/exception.py", line 55, in inner
    response = get_response(request)
  File "/home/lilichka/virtualenv/beautipro/3.9/lib/python3.9/site-packages/django/core/handlers/base.py", line 197, in _get_response
    response = wrapped_callback(request, *callback_args, **callback_kwargs)
  File "/home/lilichka/virtualenv/beautipro/3.9/lib/python3.9/site-packages/django/views/generic/base.py", line 105, in view
    return self.dispatch(request, *args, **kwargs)
  File "/home/lilichka/virtualenv/beautipro/3.9/lib/python3.9/site-packages/django/views/generic/base.py", line 144, in dispatch
    return handler(request, *args, **kwargs)
  File "/home/lilichka/beautipro/cart/views.py", line 32, in post
    print(color)
UnicodeEncodeError: 'ascii' codec can't encode characters in position 0-3: ordinal not in range(128)
Not Found: /favicon.ico
Not Found: /static/fonts/IRANSansWeb.eot
Not Found: /static/images/logo-header.png
Not Found: /shop/detail/assets/images/product_2.png
Not Found: /shop/detail/assets/images/product_1.png
Not Found: /shop/detail/assets/images/product_3.png
Not Found: /static/fonts/IRANSansWeb.eot
Not Found: /static/images/logo-header.png
Not Found: /cart/assets/images/product_1.png
Not Found: /cart/assets/images/product_3.png
Not Found: /cart/assets/images/product_2.png
Not Found: /static/images/breadcamp_bg_10.jpg
Not Found: /assets/images/product_1.png
Not Found: /static/images/logo-header.png
Not Found: /assets/images/product_2.png
Not Found: /assets/images/product_3.png
Not Found: /media/home/video/Video_230113180406.mp4
Not Found: /shop/detail/assets/images/product_1.png
Not Found: /shop/detail/assets/images/product_2.png
Not Found: /shop/detail/assets/images/product_3.png
Internal Server Error: /cart/add/extention
Traceback (most recent call last):
  File "/home/lilichka/virtualenv/beautipro/3.9/lib/python3.9/site-packages/django/core/handlers/exception.py", line 55, in inner
    response = get_response(request)
  File "/home/lilichka/virtualenv/beautipro/3.9/lib/python3.9/site-packages/django/core/handlers/base.py", line 197, in _get_response
    response = wrapped_callback(request, *callback_args, **callback_kwargs)
  File "/home/lilichka/virtualenv/beautipro/3.9/lib/python3.9/site-packages/django/views/generic/base.py", line 105, in view
    return self.dispatch(request, *args, **kwargs)
  File "/home/lilichka/virtualenv/beautipro/3.9/lib/python3.9/site-packages/django/views/generic/base.py", line 144, in dispatch
    return handler(request, *args, **kwargs)
  File "/home/lilichka/beautipro/cart/views.py", line 33, in post
    if int(quantity) > 0:
ValueError: invalid literal for int() with base 10: ''
Not Found: /static/fonts/IRANSansWeb.eot
Not Found: /static/images/logo-header.png
Not Found: /shop/assets/images/product_2.png
Not Found: /shop/assets/images/product_1.png
Not Found: /shop/assets/images/product_3.png
Not Found: /static/images/breadcamp_bg_2.jpeg
Not Found: /static/fonts/IRANSansWeb.eot
Not Found: /shop/assets/images/product_1.png
Not Found: /static/images/logo-header.png
Not Found: /shop/assets/images/product_2.png
Not Found: /static/images/breadcamp_bg_2.jpeg
Not Found: /shop/assets/images/product_3.png
Not Found: /static/images/logo-header.png
Not Found: /static/fonts/IRANSansWeb.eot
Not Found: /shop/detail/assets/images/product_1.png
Not Found: /shop/detail/assets/images/product_3.png
Not Found: /shop/detail/assets/images/product_2.png
Not Found: /static/images/logo-header.png
Not Found: /static/fonts/IRANSansWeb.eot
Not Found: /cart/assets/images/product_1.png
Not Found: /cart/assets/images/product_2.png
Not Found: /cart/assets/images/product_3.png
Not Found: /static/images/breadcamp_bg_10.jpg
Not Found: /shop/detail/assets/images/product_1.png
Not Found: /static/fonts/IRANSansWeb.eot
Not Found: /static/images/logo-header.png
Not Found: /cart/assets/images/product_2.png
Not Found: /cart/assets/images/product_1.png
Not Found: /cart/assets/images/product_3.png
Not Found: /static/images/breadcamp_bg_10.jpg
Not Found: /static/images/logo-header.png
Not Found: /static/fonts/IRANSansWeb.eot
Not Found: /assets/images/product_1.png
Not Found: /assets/images/product_2.png
Not Found: /assets/images/product_3.png
Not Found: /media/home/video/Video_230113180406.mp4
Not Found: /static/images/logo-header.png
Not Found: /assets/images/product_2.png
Not Found: /assets/images/product_1.png
Not Found: /assets/images/product_3.png
Not Found: /static/fonts/IRANSansWeb.eot
Not Found: /media/home/video/Video_230113180406.mp4
Not Found: /static/fonts/IRANSansWeb.eot
Not Found: /static/images/logo-header.png
Not Found: /assets/images/product_2.png
Not Found: /assets/images/product_1.png
Not Found: /assets/images/product_3.png
Not Found: /media/home/video/Video_230113180406.mp4
Not Found: /static/images/logo-header.png
Not Found: /static/fonts/IRANSansWeb.eot
Not Found: /assets/images/product_1.png
Not Found: /assets/images/product_3.png
Not Found: /assets/images/product_2.png
Not Found: /media/home/video/Video_230113180406.mp4
Not Found: /static/fonts/IRANSansWeb.eot
Not Found: /static/images/logo-header.png
Not Found: /assets/images/product_2.png
Not Found: /assets/images/product_3.png
Not Found: /assets/images/product_1.png
Not Found: /media/home/video/Video_230113180406.mp4
Not Found: /static/images/logo-header.png
Not Found: /cart/assets/images/product_2.png
Not Found: /cart/assets/images/product_1.png
Not Found: /cart/assets/images/product_3.png
Not Found: /static/images/breadcamp_bg_10.jpg
Not Found: /static/fonts/IRANSansWeb.eot
Not Found: /assets/images/product_2.png
Not Found: /assets/images/product_3.png
Not Found: /assets/images/product_1.png
Not Found: /media/home/video/Video_230113180406.mp4
Not Found: /static/fonts/IRANSansWeb.eot
Not Found: /assets/images/product_1.png
Not Found: /assets/images/product_3.png
Not Found: /media/home/video/Video_230113180406.mp4
Not Found: /assets/images/product_2.png
Not Found: /assets/images/product_2.png
Not Found: /assets/images/product_3.png
Not Found: /assets/images/product_1.png
Not Found: /media/home/video/Video_230113180406.mp4
Not Found: /static/fonts/IRANSansWeb.eot
Not Found: /static/fonts/IRANSansWeb.svg
Not Found: /static/fonts/IRANSansWeb.woff
Not Found: /static/fonts/IRANSansWeb.eot
Not Found: /assets/images/product_1.png
Not Found: /media/home/video/Video_230113180406.mp4
Not Found: /assets/images/product_3.png
Not Found: /assets/images/product_2.png
Not Found: /static/fonts/IRANSansWeb.eot
Not Found: /assets/images/product_1.png
Not Found: /media/home/video/Video_230113180406.mp4
Not Found: /assets/images/product_2.png
Not Found: /assets/images/product_3.png
Not Found: /account/assets/images/product_1.png
Not Found: /account/assets/images/product_2.png
Not Found: /account/assets/images/product_3.png
Not Found: /static/images/login_banner.jpg
Not Found: /static/fonts/IRANSansWeb.eot
Not Found: /media/home/video/Video_230113180406.mp4
Not Found: /assets/images/product_1.png
Not Found: /assets/images/product_2.png
Not Found: /assets/images/product_3.png
Not Found: /assets/images/product_2.png
Not Found: /media/home/video/Video_230113180406.mp4
Not Found: /assets/images/product_1.png
Not Found: /static/fonts/IRANSansWeb.eot
Not Found: /assets/images/product_3.png
Not Found: /account/assets/images/product_1.png
Not Found: /account/assets/images/product_2.png
Not Found: /account/assets/images/product_3.png
Not Found: /account/assets/images/login_banner.jpg
2395
Not Found: /shop/assets/images/product_1.png
Not Found: /static/fonts/IRANSansWeb.svg
Not Found: /static/fonts/IRANSansWeb.woff
Not Found: /static/fonts/IRANSansWeb.eot
Not Found: /shop/detail/assets/images/product_3.png
Not Found: /shop/detail/assets/images/product_1.png
Not Found: /shop/detail/assets/images/product_2.png
Not Found: /static/fonts/IRANSansWeb.eot
Not Found: /shop/detail/assets/images/product_2.png
Not Found: /shop/detail/assets/images/product_3.png
Not Found: /shop/detail/assets/images/product_1.png
Not Found: /static/images/login_banner.jpg
Not Found: /assets/images/product_1.png
Not Found: /assets/images/product_3.png
Not Found: /assets/images/product_2.png
Not Found: /media/home/video/Video_230113180406.mp4
Not Found: /static/fonts/IRANSansWeb.eot
Not Found: /assets/images/product_1.png
Not Found: /assets/images/product_2.png
Not Found: /assets/images/product_3.png
Not Found: /media/home/video/Video_230113180406.mp4
Not Found: /static/fonts/IRANSansWeb.eot
Not Found: /assets/images/product_1.png
Not Found: /assets/images/product_3.png
Not Found: /assets/images/product_2.png
Not Found: /media/home/video/Video_230113180406.mp4
Not Found: /assets/images/product_2.png
Not Found: /assets/images/product_1.png
Not Found: /assets/images/product_3.png
Not Found: /static/fonts/IRANSansWeb.eot
Not Found: /assets/images/product_1.png
Not Found: /assets/images/product_2.png
Not Found: /assets/images/product_3.png
Not Found: /media/home/video/Video_230113180406.mp4
Not Found: /static/images/breadcamp_bg_10.jpg
Not Found: /assets/images/product_1.png
Not Found: /assets/images/product_2.png
Not Found: /assets/images/product_3.png
Not Found: /media/home/video/Video_230113180406.mp4
Not Found: /static/fonts/IRANSansWeb.eot
Not Found: /assets/images/product_2.png
Not Found: /assets/images/product_1.png
Not Found: /assets/images/product_3.png
Not Found: /media/home/video/Video_230113180406.mp4
Not Found: /static/fonts/IRANSansWeb.eot
Not Found: /assets/images/product_2.png
Not Found: /assets/images/product_3.png
Not Found: /assets/images/product_1.png
Not Found: /media/home/video/Video_230113180406.mp4
Not Found: /static/fonts/IRANSansWeb.eot
Not Found: /assets/images/product_1.png
Not Found: /assets/images/product_2.png
Not Found: /media/home/video/Video_230113180406.mp4
Not Found: /assets/images/product_3.png
Not Found: /static/css/bootstrap.min.css.map
Not Found: /static/css/style.css.map
Not Found: /static/css/bootstrap.min.css.map
Not Found: /static/css/style.css.map
Not Found: /static/fonts/IRANSansWeb.eot
Not Found: /assets/images/product_3.png
Not Found: /assets/images/product_1.png
Not Found: /assets/images/product_2.png
Not Found: /media/home/video/Video_230113180406.mp4
Not Found: /static/css/style.css.map
Not Found: /static/css/bootstrap.min.css.map
Not Found: /assets/images/product_1.png
Not Found: /assets/images/product_2.png
Not Found: /assets/images/product_3.png
Not Found: /media/home/video/Video_230113180406.mp4
Not Found: /media/home/video/Video_230113180406.mp4
Not Found: /static/fonts/IRANSansWeb.eot
Not Found: /assets/images/product_1.png
Not Found: /media/home/video/Video_230113180406.mp4
Not Found: /assets/images/product_3.png
Not Found: /assets/images/product_2.png
Not Found: /media/home/video/Video_230113180406.mp4
Not Found: /assets/images/product_1.png
Not Found: /assets/images/product_3.png
Not Found: /assets/images/product_2.png
Not Found: /static/fonts/IRANSansWeb.eot
Not Found: /static/css/style.css.map
Not Found: /static/css/bootstrap.min.css.map
Not Found: /static/fonts/IRANSansWeb.eot
Not Found: /assets/images/product_1.png
Not Found: /assets/images/product_3.png
Not Found: /assets/images/product_2.png
Not Found: /media/home/video/Video_230113180406.mp4
Not Found: /assets/images/product_2.png
Not Found: /assets/images/product_3.png
Not Found: /assets/images/product_1.png
Not Found: /media/home/video/Video_230113180406.mp4
Not Found: /static/fonts/IRANSansWeb.eot
Not Found: /static/fonts/IRANSansWeb.eot
Not Found: /assets/images/product_1.png
Not Found: /assets/images/product_2.png
Not Found: /assets/images/product_3.png
Not Found: /media/home/video/Video_230113180406.mp4
Not Found: /static/css/bootstrap.min.css.map
Not Found: /static/css/style.css.map
Not Found: /static/fonts/IRANSansWeb.eot
Not Found: /assets/images/product_1.png
Not Found: /media/home/video/Video_230113180406.mp4
Not Found: /assets/images/product_2.png
Not Found: /assets/images/product_3.png
Not Found: /media/home/video/Video_230113180406.mp4
Not Found: /assets/images/product_1.png
Not Found: /assets/images/product_3.png
Not Found: /assets/images/product_2.png
Not Found: /static/fonts/IRANSansWeb.eot
Not Found: /static/fonts/IRANSansWeb.eot
Not Found: /assets/images/product_1.png
Not Found: /assets/images/product_2.png
Not Found: /assets/images/product_3.png
Not Found: /media/home/video/Video_230113180406.mp4
Not Found: /static/fonts/IRANSansWeb.eot
Not Found: /assets/images/product_1.png
Not Found: /assets/images/product_2.png
Not Found: /assets/images/product_3.png
Not Found: /media/home/video/Video_230113180406.mp4
Not Found: /assets/images/product_1.png
Not Found: /assets/images/product_2.png
Not Found: /assets/images/product_3.png
Not Found: /media/home/video/Video_230113180406.mp4
Not Found: /static/fonts/IRANSansWeb.eot
Not Found: /static/fonts/IRANSansWeb.eot
Not Found: /assets/images/product_1.png
Not Found: /assets/images/product_2.png
Not Found: /assets/images/product_3.png
Not Found: /media/home/video/Video_230113180406.mp4
Not Found: /media/home/video/Video_230113180406.mp4
Not Found: /assets/images/product_1.png
Not Found: /assets/images/product_2.png
Not Found: /assets/images/product_3.png
Not Found: /static/fonts/IRANSansWeb.eot
Not Found: /static/css/style.css.map
Not Found: /static/css/bootstrap.min.css.map
Not Found: /static/fonts/IRANSansWeb.eot
Not Found: /assets/images/product_1.png
Not Found: /assets/images/product_2.png
Not Found: /assets/images/product_3.png
Not Found: /media/home/video/Video_230113180406.mp4
Not Found: /media/home/video/Video_230113180406.mp4
Not Found: /assets/images/product_1.png
Not Found: /assets/images/product_3.png
Not Found: /assets/images/product_2.png
Not Found: /static/fonts/IRANSansWeb.eot
Not Found: /static/css/style.css.map
Not Found: /static/css/bootstrap.min.css.map
Not Found: /static/fonts/IRANSansWeb.eot
Not Found: /assets/images/product_1.png
Not Found: /media/home/video/Video_230113180406.mp4
Not Found: /assets/images/product_3.png
Not Found: /assets/images/product_2.png
Not Found: /static/css/bootstrap.min.css.map
Not Found: /static/css/style.css.map
Not Found: /static/fonts/IRANSansWeb.eot
Not Found: /assets/images/product_1.png
Not Found: /assets/images/product_2.png
Not Found: /media/home/video/Video_230113180406.mp4
Not Found: /assets/images/product_3.png
Not Found: /static/fonts/IRANSansWeb.eot
Not Found: /assets/images/product_1.png
Not Found: /media/home/video/Video_230113180406.mp4
Not Found: /assets/images/product_2.png
Not Found: /assets/images/product_3.png
Not Found: /shop/detail/assets/images/product_2.png
Not Found: /shop/detail/assets/images/product_1.png
Not Found: /static/fonts/IRANSansWeb.eot
Not Found: /shop/detail/assets/images/product_3.png
Not Found: /static/fonts/IRANSansWeb.eot
Not Found: /assets/images/product_1.png
Not Found: /assets/images/product_2.png
Not Found: /media/home/video/Video_230113180406.mp4
Not Found: /assets/images/product_3.png
Not Found: /static/fonts/IRANSansWeb.eot
Not Found: /assets/images/product_1.png
Not Found: /assets/images/product_2.png
Not Found: /media/home/video/Video_230113180406.mp4
Not Found: /assets/images/product_3.png
Not Found: /media/home/video/Video_230113180406.mp4
Not Found: /assets/images/product_1.png
Not Found: /assets/images/product_2.png
Not Found: /assets/images/product_3.png
Not Found: /static/fonts/IRANSansWeb.eot
Not Found: /static/fonts/IRANSansWeb.eot
Not Found: /assets/images/product_1.png
Not Found: /assets/images/product_2.png
Not Found: /assets/images/product_3.png
Not Found: /media/home/video/Video_230113180406.mp4
